<?xml version="1.0" encoding="UTF-8"?>
<!-- Generated by org.testng.reporters.JUnitReportReporter -->
<testsuite hostname="HIYA" failures="0" tests="1" name="automation.TestCases" time="148.160" errors="0" timestamp="2025-02-06T16:57:35 IST" skipped="0">
  <testcase classname="automation.TestCases" name="completeWorkflow" time="148.160"/>
  <system-out/>
</testsuite> <!-- automation.TestCases -->
